<?xml version="1.0" encoding="UTF-8"?>
<testng-results ignored="0" total="1" passed="1" failed="0" skipped="0">
  <reporter-output>
  </reporter-output>
  <suite started-at="2023-02-23T00:34:25 IST" name="Suite" finished-at="2023-02-23T00:34:44 IST" duration-ms="18708">
    <groups>
    </groups>
    <test started-at="2023-02-23T00:34:25 IST" name="Test" finished-at="2023-02-23T00:34:44 IST" duration-ms="18708">
      <class name="testVig_Assignment.MovieInformationValidation">
        <test-method is-config="true" signature="suiteSetup()[pri:0, instance:testVig_Assignment.MovieInformationValidation@202b0582]" started-at="2023-02-23T00:34:25 IST" name="suiteSetup" finished-at="2023-02-23T00:34:25 IST" duration-ms="29" status="PASS">
          <reporter-output>
          </reporter-output>
        </test-method> <!-- suiteSetup -->
        <test-method is-config="true" signature="classSetup()[pri:0, instance:testVig_Assignment.MovieInformationValidation@202b0582]" started-at="2023-02-23T00:34:25 IST" name="classSetup" finished-at="2023-02-23T00:34:31 IST" duration-ms="5499" status="PASS">
          <reporter-output>
          </reporter-output>
        </test-method> <!-- classSetup -->
        <test-method is-config="true" signature="methodSetup()[pri:0, instance:testVig_Assignment.MovieInformationValidation@202b0582]" started-at="2023-02-23T00:34:31 IST" name="methodSetup" finished-at="2023-02-23T00:34:31 IST" duration-ms="1" status="PASS">
          <reporter-output>
          </reporter-output>
        </test-method> <!-- methodSetup -->
        <test-method signature="imdbTest()[pri:0, instance:testVig_Assignment.MovieInformationValidation@202b0582]" started-at="2023-02-23T00:34:31 IST" name="imdbTest" finished-at="2023-02-23T00:34:44 IST" duration-ms="12711" status="PASS">
          <reporter-output>
          </reporter-output>
        </test-method> <!-- imdbTest -->
        <test-method is-config="true" signature="methodTearDown()[pri:0, instance:testVig_Assignment.MovieInformationValidation@202b0582]" started-at="2023-02-23T00:34:44 IST" name="methodTearDown" finished-at="2023-02-23T00:34:44 IST" duration-ms="1" status="PASS">
          <reporter-output>
          </reporter-output>
        </test-method> <!-- methodTearDown -->
        <test-method is-config="true" signature="classTearDown()[pri:0, instance:testVig_Assignment.MovieInformationValidation@202b0582]" started-at="2023-02-23T00:34:44 IST" name="classTearDown" finished-at="2023-02-23T00:34:44 IST" duration-ms="394" status="PASS">
          <reporter-output>
          </reporter-output>
        </test-method> <!-- classTearDown -->
      </class> <!-- testVig_Assignment.MovieInformationValidation -->
    </test> <!-- Test -->
  </suite> <!-- Suite -->
</testng-results>
